0 info it worked if it ends with ok
1 verbose cli [ '/usr/local/bin/node', '/usr/local/bin/npm', 'start' ]
2 info using npm@4.0.5
3 info using node@v6.4.0
4 verbose run-script [ 'prestart', 'start', 'poststart' ]
5 info lifecycle N-Blog@0.0.0~prestart: N-Blog@0.0.0
6 silly lifecycle N-Blog@0.0.0~prestart: no script for prestart, continuing
7 info lifecycle N-Blog@0.0.0~start: N-Blog@0.0.0
8 verbose lifecycle N-Blog@0.0.0~start: unsafe-perm in lifecycle true
9 verbose lifecycle N-Blog@0.0.0~start: PATH: /usr/local/lib/node_modules/npm/bin/node-gyp-bin:/Users/zhentaoo/Code/N-Blog/node_modules/.bin:/Users/zhentaoo/Soft/rabbitmq_server-3.5.6/sbin:/usr/local/bin:/usr/bin:/bin:/usr/sbin:/sbin:/usr/local/git/bin:/Users/zhentaoo/Library/Android/sdk/tools:/Users/zhentaoo/Library/Android/sdk/platform-tools:/Users/zhentaoo/Library/Android/sdk/build-tools
10 verbose lifecycle N-Blog@0.0.0~start: CWD: /Users/zhentaoo/Code/N-Blog
11 silly lifecycle N-Blog@0.0.0~start: Args: [ '-c', 'node-dev app.js' ]
12 silly lifecycle N-Blog@0.0.0~start: Returned: code: 1  signal: null
13 info lifecycle N-Blog@0.0.0~start: Failed to exec start script
14 verbose stack Error: N-Blog@0.0.0 start: `node-dev app.js`
14 verbose stack Exit status 1
14 verbose stack     at EventEmitter.<anonymous> (/usr/local/lib/node_modules/npm/lib/utils/lifecycle.js:279:16)
14 verbose stack     at emitTwo (events.js:106:13)
14 verbose stack     at EventEmitter.emit (events.js:191:7)
14 verbose stack     at ChildProcess.<anonymous> (/usr/local/lib/node_modules/npm/lib/utils/spawn.js:40:14)
14 verbose stack     at emitTwo (events.js:106:13)
14 verbose stack     at ChildProcess.emit (events.js:191:7)
14 verbose stack     at maybeClose (internal/child_process.js:852:16)
14 verbose stack     at Process.ChildProcess._handle.onexit (internal/child_process.js:215:5)
15 verbose pkgid N-Blog@0.0.0
16 verbose cwd /Users/zhentaoo/Code/N-Blog
17 error Darwin 15.0.0
18 error argv "/usr/local/bin/node" "/usr/local/bin/npm" "start"
19 error node v6.4.0
20 error npm  v4.0.5
21 error code ELIFECYCLE
22 error N-Blog@0.0.0 start: `node-dev app.js`
22 error Exit status 1
23 error Failed at the N-Blog@0.0.0 start script 'node-dev app.js'.
23 error Make sure you have the latest version of node.js and npm installed.
23 error If you do, this is most likely a problem with the N-Blog package,
23 error not with npm itself.
23 error Tell the author that this fails on your system:
23 error     node-dev app.js
23 error You can get information on how to open an issue for this project with:
23 error     npm bugs N-Blog
23 error Or if that isn't available, you can get their info via:
23 error     npm owner ls N-Blog
23 error There is likely additional logging output above.
24 verbose exit [ 1, true ]
